
state 0
	$accept: .top $end 

	NUM  shift 29
	DOTDOT  shift 44
	DBLSLASH  shift 45
	FUNC  shift 31
	TEXTFUNC  shift 30
	NODETYPE  shift 32
	AXISNAME  shift 40
	LITERAL  shift 28
	NAMETEST  shift 42
	CURRENTFUNC  shift 38
	DEREFFUNC  shift 39
	'-'  shift 11
	'/'  shift 36
	'('  shift 27
	'.'  shift 43
	'@'  shift 46
	.  error

	top  goto 1
	Expr  goto 2
	OrExpr  goto 3
	AndExpr  goto 4
	EqualityExpr  goto 5
	RelationalExpr  goto 6
	AdditiveExpr  goto 7
	MultiplicativeExpr  goto 8
	UnaryExpr  goto 9
	UnionExpr  goto 10
	PathExpr  goto 12
	LocationPath  goto 13
	FilterExpr  goto 14
	CompoundFilterExpr  goto 15
	RelativeLocationPath  goto 16
	DoubleSlash  goto 37
	PrimaryExpr  goto 20
	AbsoluteLocationPath  goto 17
	CurrentRelativeLocationPath  goto 18
	DerefRelativeLocationPath  goto 19
	Root  goto 23
	AbbreviatedAbsoluteLocationPath  goto 24
	CurrentFunc  goto 25
	DerefFunc  goto 26
	Step  goto 21
	AbbreviatedRelativeLocationPath  goto 22
	AxisSpecifier  goto 33
	NodeTest  goto 34
	AbbreviatedStep  goto 35
	AbbreviatedAxisSpecifier  goto 41

state 1
	$accept:  top.$end 

	$end  accept
	.  error


state 2
	top:  Expr.    (1)

	.  reduce 1 (src line 61)


state 3
	Expr:  OrExpr.    (2)
	OrExpr:  OrExpr.OR AndExpr 

	OR  shift 47
	.  reduce 2 (src line 68)


state 4
	OrExpr:  AndExpr.    (3)
	AndExpr:  AndExpr.AND EqualityExpr 

	AND  shift 48
	.  reduce 3 (src line 71)


state 5
	AndExpr:  EqualityExpr.    (5)
	EqualityExpr:  EqualityExpr.EQ RelationalExpr 
	EqualityExpr:  EqualityExpr.NE RelationalExpr 

	NE  shift 50
	EQ  shift 49
	.  reduce 5 (src line 79)


state 6
	EqualityExpr:  RelationalExpr.    (7)
	RelationalExpr:  RelationalExpr.LT AdditiveExpr 
	RelationalExpr:  RelationalExpr.GT AdditiveExpr 
	RelationalExpr:  RelationalExpr.LE AdditiveExpr 
	RelationalExpr:  RelationalExpr.GE AdditiveExpr 

	GT  shift 52
	GE  shift 54
	LT  shift 51
	LE  shift 53
	.  reduce 7 (src line 87)


state 7
	RelationalExpr:  AdditiveExpr.    (10)
	AdditiveExpr:  AdditiveExpr.'+' MultiplicativeExpr 
	AdditiveExpr:  AdditiveExpr.'-' MultiplicativeExpr 

	'+'  shift 55
	'-'  shift 56
	.  reduce 10 (src line 100)


state 8
	AdditiveExpr:  MultiplicativeExpr.    (15)
	MultiplicativeExpr:  MultiplicativeExpr.'*' UnaryExpr 
	MultiplicativeExpr:  MultiplicativeExpr.DIV UnaryExpr 
	MultiplicativeExpr:  MultiplicativeExpr.MOD UnaryExpr 

	'*'  shift 57
	DIV  shift 58
	MOD  shift 59
	.  reduce 15 (src line 123)


state 9
	MultiplicativeExpr:  UnaryExpr.    (18)

	.  reduce 18 (src line 136)


state 10
	UnaryExpr:  UnionExpr.    (22)
	UnionExpr:  UnionExpr.'|' PathExpr 

	'|'  shift 60
	.  reduce 22 (src line 154)


state 11
	UnaryExpr:  '-'.UnaryExpr 

	NUM  shift 29
	DOTDOT  shift 44
	DBLSLASH  shift 45
	FUNC  shift 31
	TEXTFUNC  shift 30
	NODETYPE  shift 32
	AXISNAME  shift 40
	LITERAL  shift 28
	NAMETEST  shift 42
	CURRENTFUNC  shift 38
	DEREFFUNC  shift 39
	'-'  shift 11
	'/'  shift 36
	'('  shift 27
	'.'  shift 43
	'@'  shift 46
	.  error

	UnaryExpr  goto 61
	UnionExpr  goto 10
	PathExpr  goto 12
	LocationPath  goto 13
	FilterExpr  goto 14
	CompoundFilterExpr  goto 15
	RelativeLocationPath  goto 16
	DoubleSlash  goto 37
	PrimaryExpr  goto 20
	AbsoluteLocationPath  goto 17
	CurrentRelativeLocationPath  goto 18
	DerefRelativeLocationPath  goto 19
	Root  goto 23
	AbbreviatedAbsoluteLocationPath  goto 24
	CurrentFunc  goto 25
	DerefFunc  goto 26
	Step  goto 21
	AbbreviatedRelativeLocationPath  goto 22
	AxisSpecifier  goto 33
	NodeTest  goto 34
	AbbreviatedStep  goto 35
	AbbreviatedAxisSpecifier  goto 41

state 12
	UnionExpr:  PathExpr.    (24)

	.  reduce 24 (src line 162)


state 13
	PathExpr:  LocationPath.    (26)

	.  reduce 26 (src line 170)


state 14
	PathExpr:  FilterExpr.    (27)
	CompoundFilterExpr:  FilterExpr.    (30)
	FilterExpr:  FilterExpr.Predicate 

	DBLSLASH  reduce 30 (src line 191)
	'/'  reduce 30 (src line 191)
	'['  shift 64
	.  reduce 27 (src line 176)

	Predicate  goto 62
	PredicateStart  goto 63

state 15
	PathExpr:  CompoundFilterExpr.'/' RelativeLocationPath 
	PathExpr:  CompoundFilterExpr.DoubleSlash RelativeLocationPath 

	DBLSLASH  shift 45
	'/'  shift 65
	.  error

	DoubleSlash  goto 66

state 16
	LocationPath:  RelativeLocationPath.    (43)
	RelativeLocationPath:  RelativeLocationPath.'/' Step 
	AbbreviatedRelativeLocationPath:  RelativeLocationPath.DoubleSlash Step 

	DBLSLASH  shift 45
	'/'  shift 67
	.  reduce 43 (src line 238)

	DoubleSlash  goto 68

state 17
	LocationPath:  AbsoluteLocationPath.    (44)

	.  reduce 44 (src line 240)


state 18
	LocationPath:  CurrentRelativeLocationPath.    (45)

	.  reduce 45 (src line 241)


state 19
	LocationPath:  DerefRelativeLocationPath.    (46)

	.  reduce 46 (src line 242)


state 20
	FilterExpr:  PrimaryExpr.    (31)

	.  reduce 31 (src line 198)


state 21
	RelativeLocationPath:  Step.    (57)

	.  reduce 57 (src line 284)


state 22
	RelativeLocationPath:  AbbreviatedRelativeLocationPath.    (59)

	.  reduce 59 (src line 287)


state 23
	AbsoluteLocationPath:  Root.    (47)
	AbsoluteLocationPath:  Root.RelativeLocationPath 

	DOTDOT  shift 44
	AXISNAME  shift 40
	NAMETEST  shift 42
	'.'  shift 43
	'@'  shift 46
	.  reduce 47 (src line 244)

	RelativeLocationPath  goto 69
	Step  goto 21
	AbbreviatedRelativeLocationPath  goto 22
	AxisSpecifier  goto 33
	NodeTest  goto 34
	AbbreviatedStep  goto 35
	AbbreviatedAxisSpecifier  goto 41

state 24
	AbsoluteLocationPath:  AbbreviatedAbsoluteLocationPath.    (49)

	.  reduce 49 (src line 247)


state 25
	CurrentRelativeLocationPath:  CurrentFunc.    (50)
	CurrentRelativeLocationPath:  CurrentFunc.'/' RelativeLocationPath 

	'/'  shift 70
	.  reduce 50 (src line 249)


state 26
	DerefRelativeLocationPath:  DerefFunc.    (53)
	DerefRelativeLocationPath:  DerefFunc.'/' RelativeLocationPath 

	'/'  shift 71
	.  reduce 53 (src line 260)


state 27
	PrimaryExpr:  '('.Expr ')' 
	PrimaryExpr:  '('.')' 

	NUM  shift 29
	DOTDOT  shift 44
	DBLSLASH  shift 45
	FUNC  shift 31
	TEXTFUNC  shift 30
	NODETYPE  shift 32
	AXISNAME  shift 40
	LITERAL  shift 28
	NAMETEST  shift 42
	CURRENTFUNC  shift 38
	DEREFFUNC  shift 39
	'-'  shift 11
	'/'  shift 36
	'('  shift 27
	')'  shift 73
	'.'  shift 43
	'@'  shift 46
	.  error

	Expr  goto 72
	OrExpr  goto 3
	AndExpr  goto 4
	EqualityExpr  goto 5
	RelationalExpr  goto 6
	AdditiveExpr  goto 7
	MultiplicativeExpr  goto 8
	UnaryExpr  goto 9
	UnionExpr  goto 10
	PathExpr  goto 12
	LocationPath  goto 13
	FilterExpr  goto 14
	CompoundFilterExpr  goto 15
	RelativeLocationPath  goto 16
	DoubleSlash  goto 37
	PrimaryExpr  goto 20
	AbsoluteLocationPath  goto 17
	CurrentRelativeLocationPath  goto 18
	DerefRelativeLocationPath  goto 19
	Root  goto 23
	AbbreviatedAbsoluteLocationPath  goto 24
	CurrentFunc  goto 25
	DerefFunc  goto 26
	Step  goto 21
	AbbreviatedRelativeLocationPath  goto 22
	AxisSpecifier  goto 33
	NodeTest  goto 34
	AbbreviatedStep  goto 35
	AbbreviatedAxisSpecifier  goto 41

state 28
	PrimaryExpr:  LITERAL.    (35)

	.  reduce 35 (src line 205)


state 29
	PrimaryExpr:  NUM.    (36)

	.  reduce 36 (src line 209)


state 30
	PrimaryExpr:  TEXTFUNC.'(' ')' 

	'('  shift 74
	.  error


state 31
	PrimaryExpr:  FUNC.'(' ')' 
	PrimaryExpr:  FUNC.'(' Expr ')' 
	PrimaryExpr:  FUNC.'(' Expr ',' Expr ')' 
	PrimaryExpr:  FUNC.'(' Expr ',' Expr ',' Expr ')' 

	'('  shift 75
	.  error


state 32
	PrimaryExpr:  NODETYPE.    (42)

	.  reduce 42 (src line 233)


state 33
	Step:  AxisSpecifier.NodeTest PredicatesStart PredicateSet PredicatesEnd 
	Step:  AxisSpecifier.NodeTest 

	NAMETEST  shift 42
	.  error

	NodeTest  goto 76

state 34
	Step:  NodeTest.PredicatesStart PredicateSet PredicatesEnd 
	Step:  NodeTest.    (63)
	PredicatesStart: .    (70)

	'['  reduce 70 (src line 319)
	.  reduce 63 (src line 300)

	PredicatesStart  goto 77

state 35
	Step:  AbbreviatedStep.    (64)

	.  reduce 64 (src line 301)


state 36
	Root:  '/'.    (56)

	.  reduce 56 (src line 278)


state 37
	AbbreviatedAbsoluteLocationPath:  DoubleSlash.RelativeLocationPath 

	DOTDOT  shift 44
	AXISNAME  shift 40
	NAMETEST  shift 42
	'.'  shift 43
	'@'  shift 46
	.  error

	RelativeLocationPath  goto 78
	Step  goto 21
	AbbreviatedRelativeLocationPath  goto 22
	AxisSpecifier  goto 33
	NodeTest  goto 34
	AbbreviatedStep  goto 35
	AbbreviatedAxisSpecifier  goto 41

state 38
	CurrentFunc:  CURRENTFUNC.'(' ')' 

	'('  shift 79
	.  error


state 39
	DerefFunc:  DEREFFUNC.'(' LocationPath ')' 

	'('  shift 80
	.  error


state 40
	AxisSpecifier:  AXISNAME.DBLCOLON 

	DBLCOLON  shift 81
	.  error


state 41
	AxisSpecifier:  AbbreviatedAxisSpecifier.    (66)

	.  reduce 66 (src line 308)


state 42
	NodeTest:  NAMETEST.    (67)

	.  reduce 67 (src line 310)


state 43
	AbbreviatedStep:  '.'.    (78)

	.  reduce 78 (src line 350)


state 44
	AbbreviatedStep:  DOTDOT.    (79)

	.  reduce 79 (src line 355)


state 45
	DoubleSlash:  DBLSLASH.    (81)

	.  reduce 81 (src line 367)


state 46
	AbbreviatedAxisSpecifier:  '@'.    (80)

	.  reduce 80 (src line 360)


state 47
	OrExpr:  OrExpr OR.AndExpr 

	NUM  shift 29
	DOTDOT  shift 44
	DBLSLASH  shift 45
	FUNC  shift 31
	TEXTFUNC  shift 30
	NODETYPE  shift 32
	AXISNAME  shift 40
	LITERAL  shift 28
	NAMETEST  shift 42
	CURRENTFUNC  shift 38
	DEREFFUNC  shift 39
	'-'  shift 11
	'/'  shift 36
	'('  shift 27
	'.'  shift 43
	'@'  shift 46
	.  error

	AndExpr  goto 82
	EqualityExpr  goto 5
	RelationalExpr  goto 6
	AdditiveExpr  goto 7
	MultiplicativeExpr  goto 8
	UnaryExpr  goto 9
	UnionExpr  goto 10
	PathExpr  goto 12
	LocationPath  goto 13
	FilterExpr  goto 14
	CompoundFilterExpr  goto 15
	RelativeLocationPath  goto 16
	DoubleSlash  goto 37
	PrimaryExpr  goto 20
	AbsoluteLocationPath  goto 17
	CurrentRelativeLocationPath  goto 18
	DerefRelativeLocationPath  goto 19
	Root  goto 23
	AbbreviatedAbsoluteLocationPath  goto 24
	CurrentFunc  goto 25
	DerefFunc  goto 26
	Step  goto 21
	AbbreviatedRelativeLocationPath  goto 22
	AxisSpecifier  goto 33
	NodeTest  goto 34
	AbbreviatedStep  goto 35
	AbbreviatedAxisSpecifier  goto 41

state 48
	AndExpr:  AndExpr AND.EqualityExpr 

	NUM  shift 29
	DOTDOT  shift 44
	DBLSLASH  shift 45
	FUNC  shift 31
	TEXTFUNC  shift 30
	NODETYPE  shift 32
	AXISNAME  shift 40
	LITERAL  shift 28
	NAMETEST  shift 42
	CURRENTFUNC  shift 38
	DEREFFUNC  shift 39
	'-'  shift 11
	'/'  shift 36
	'('  shift 27
	'.'  shift 43
	'@'  shift 46
	.  error

	EqualityExpr  goto 83
	RelationalExpr  goto 6
	AdditiveExpr  goto 7
	MultiplicativeExpr  goto 8
	UnaryExpr  goto 9
	UnionExpr  goto 10
	PathExpr  goto 12
	LocationPath  goto 13
	FilterExpr  goto 14
	CompoundFilterExpr  goto 15
	RelativeLocationPath  goto 16
	DoubleSlash  goto 37
	PrimaryExpr  goto 20
	AbsoluteLocationPath  goto 17
	CurrentRelativeLocationPath  goto 18
	DerefRelativeLocationPath  goto 19
	Root  goto 23
	AbbreviatedAbsoluteLocationPath  goto 24
	CurrentFunc  goto 25
	DerefFunc  goto 26
	Step  goto 21
	AbbreviatedRelativeLocationPath  goto 22
	AxisSpecifier  goto 33
	NodeTest  goto 34
	AbbreviatedStep  goto 35
	AbbreviatedAxisSpecifier  goto 41

state 49
	EqualityExpr:  EqualityExpr EQ.RelationalExpr 

	NUM  shift 29
	DOTDOT  shift 44
	DBLSLASH  shift 45
	FUNC  shift 31
	TEXTFUNC  shift 30
	NODETYPE  shift 32
	AXISNAME  shift 40
	LITERAL  shift 28
	NAMETEST  shift 42
	CURRENTFUNC  shift 38
	DEREFFUNC  shift 39
	'-'  shift 11
	'/'  shift 36
	'('  shift 27
	'.'  shift 43
	'@'  shift 46
	.  error

	RelationalExpr  goto 84
	AdditiveExpr  goto 7
	MultiplicativeExpr  goto 8
	UnaryExpr  goto 9
	UnionExpr  goto 10
	PathExpr  goto 12
	LocationPath  goto 13
	FilterExpr  goto 14
	CompoundFilterExpr  goto 15
	RelativeLocationPath  goto 16
	DoubleSlash  goto 37
	PrimaryExpr  goto 20
	AbsoluteLocationPath  goto 17
	CurrentRelativeLocationPath  goto 18
	DerefRelativeLocationPath  goto 19
	Root  goto 23
	AbbreviatedAbsoluteLocationPath  goto 24
	CurrentFunc  goto 25
	DerefFunc  goto 26
	Step  goto 21
	AbbreviatedRelativeLocationPath  goto 22
	AxisSpecifier  goto 33
	NodeTest  goto 34
	AbbreviatedStep  goto 35
	AbbreviatedAxisSpecifier  goto 41

state 50
	EqualityExpr:  EqualityExpr NE.RelationalExpr 

	NUM  shift 29
	DOTDOT  shift 44
	DBLSLASH  shift 45
	FUNC  shift 31
	TEXTFUNC  shift 30
	NODETYPE  shift 32
	AXISNAME  shift 40
	LITERAL  shift 28
	NAMETEST  shift 42
	CURRENTFUNC  shift 38
	DEREFFUNC  shift 39
	'-'  shift 11
	'/'  shift 36
	'('  shift 27
	'.'  shift 43
	'@'  shift 46
	.  error

	RelationalExpr  goto 85
	AdditiveExpr  goto 7
	MultiplicativeExpr  goto 8
	UnaryExpr  goto 9
	UnionExpr  goto 10
	PathExpr  goto 12
	LocationPath  goto 13
	FilterExpr  goto 14
	CompoundFilterExpr  goto 15
	RelativeLocationPath  goto 16
	DoubleSlash  goto 37
	PrimaryExpr  goto 20
	AbsoluteLocationPath  goto 17
	CurrentRelativeLocationPath  goto 18
	DerefRelativeLocationPath  goto 19
	Root  goto 23
	AbbreviatedAbsoluteLocationPath  goto 24
	CurrentFunc  goto 25
	DerefFunc  goto 26
	Step  goto 21
	AbbreviatedRelativeLocationPath  goto 22
	AxisSpecifier  goto 33
	NodeTest  goto 34
	AbbreviatedStep  goto 35
	AbbreviatedAxisSpecifier  goto 41

state 51
	RelationalExpr:  RelationalExpr LT.AdditiveExpr 

	NUM  shift 29
	DOTDOT  shift 44
	DBLSLASH  shift 45
	FUNC  shift 31
	TEXTFUNC  shift 30
	NODETYPE  shift 32
	AXISNAME  shift 40
	LITERAL  shift 28
	NAMETEST  shift 42
	CURRENTFUNC  shift 38
	DEREFFUNC  shift 39
	'-'  shift 11
	'/'  shift 36
	'('  shift 27
	'.'  shift 43
	'@'  shift 46
	.  error

	AdditiveExpr  goto 86
	MultiplicativeExpr  goto 8
	UnaryExpr  goto 9
	UnionExpr  goto 10
	PathExpr  goto 12
	LocationPath  goto 13
	FilterExpr  goto 14
	CompoundFilterExpr  goto 15
	RelativeLocationPath  goto 16
	DoubleSlash  goto 37
	PrimaryExpr  goto 20
	AbsoluteLocationPath  goto 17
	CurrentRelativeLocationPath  goto 18
	DerefRelativeLocationPath  goto 19
	Root  goto 23
	AbbreviatedAbsoluteLocationPath  goto 24
	CurrentFunc  goto 25
	DerefFunc  goto 26
	Step  goto 21
	AbbreviatedRelativeLocationPath  goto 22
	AxisSpecifier  goto 33
	NodeTest  goto 34
	AbbreviatedStep  goto 35
	AbbreviatedAxisSpecifier  goto 41

state 52
	RelationalExpr:  RelationalExpr GT.AdditiveExpr 

	NUM  shift 29
	DOTDOT  shift 44
	DBLSLASH  shift 45
	FUNC  shift 31
	TEXTFUNC  shift 30
	NODETYPE  shift 32
	AXISNAME  shift 40
	LITERAL  shift 28
	NAMETEST  shift 42
	CURRENTFUNC  shift 38
	DEREFFUNC  shift 39
	'-'  shift 11
	'/'  shift 36
	'('  shift 27
	'.'  shift 43
	'@'  shift 46
	.  error

	AdditiveExpr  goto 87
	MultiplicativeExpr  goto 8
	UnaryExpr  goto 9
	UnionExpr  goto 10
	PathExpr  goto 12
	LocationPath  goto 13
	FilterExpr  goto 14
	CompoundFilterExpr  goto 15
	RelativeLocationPath  goto 16
	DoubleSlash  goto 37
	PrimaryExpr  goto 20
	AbsoluteLocationPath  goto 17
	CurrentRelativeLocationPath  goto 18
	DerefRelativeLocationPath  goto 19
	Root  goto 23
	AbbreviatedAbsoluteLocationPath  goto 24
	CurrentFunc  goto 25
	DerefFunc  goto 26
	Step  goto 21
	AbbreviatedRelativeLocationPath  goto 22
	AxisSpecifier  goto 33
	NodeTest  goto 34
	AbbreviatedStep  goto 35
	AbbreviatedAxisSpecifier  goto 41

state 53
	RelationalExpr:  RelationalExpr LE.AdditiveExpr 

	NUM  shift 29
	DOTDOT  shift 44
	DBLSLASH  shift 45
	FUNC  shift 31
	TEXTFUNC  shift 30
	NODETYPE  shift 32
	AXISNAME  shift 40
	LITERAL  shift 28
	NAMETEST  shift 42
	CURRENTFUNC  shift 38
	DEREFFUNC  shift 39
	'-'  shift 11
	'/'  shift 36
	'('  shift 27
	'.'  shift 43
	'@'  shift 46
	.  error

	AdditiveExpr  goto 88
	MultiplicativeExpr  goto 8
	UnaryExpr  goto 9
	UnionExpr  goto 10
	PathExpr  goto 12
	LocationPath  goto 13
	FilterExpr  goto 14
	CompoundFilterExpr  goto 15
	RelativeLocationPath  goto 16
	DoubleSlash  goto 37
	PrimaryExpr  goto 20
	AbsoluteLocationPath  goto 17
	CurrentRelativeLocationPath  goto 18
	DerefRelativeLocationPath  goto 19
	Root  goto 23
	AbbreviatedAbsoluteLocationPath  goto 24
	CurrentFunc  goto 25
	DerefFunc  goto 26
	Step  goto 21
	AbbreviatedRelativeLocationPath  goto 22
	AxisSpecifier  goto 33
	NodeTest  goto 34
	AbbreviatedStep  goto 35
	AbbreviatedAxisSpecifier  goto 41

state 54
	RelationalExpr:  RelationalExpr GE.AdditiveExpr 

	NUM  shift 29
	DOTDOT  shift 44
	DBLSLASH  shift 45
	FUNC  shift 31
	TEXTFUNC  shift 30
	NODETYPE  shift 32
	AXISNAME  shift 40
	LITERAL  shift 28
	NAMETEST  shift 42
	CURRENTFUNC  shift 38
	DEREFFUNC  shift 39
	'-'  shift 11
	'/'  shift 36
	'('  shift 27
	'.'  shift 43
	'@'  shift 46
	.  error

	AdditiveExpr  goto 89
	MultiplicativeExpr  goto 8
	UnaryExpr  goto 9
	UnionExpr  goto 10
	PathExpr  goto 12
	LocationPath  goto 13
	FilterExpr  goto 14
	CompoundFilterExpr  goto 15
	RelativeLocationPath  goto 16
	DoubleSlash  goto 37
	PrimaryExpr  goto 20
	AbsoluteLocationPath  goto 17
	CurrentRelativeLocationPath  goto 18
	DerefRelativeLocationPath  goto 19
	Root  goto 23
	AbbreviatedAbsoluteLocationPath  goto 24
	CurrentFunc  goto 25
	DerefFunc  goto 26
	Step  goto 21
	AbbreviatedRelativeLocationPath  goto 22
	AxisSpecifier  goto 33
	NodeTest  goto 34
	AbbreviatedStep  goto 35
	AbbreviatedAxisSpecifier  goto 41

state 55
	AdditiveExpr:  AdditiveExpr '+'.MultiplicativeExpr 

	NUM  shift 29
	DOTDOT  shift 44
	DBLSLASH  shift 45
	FUNC  shift 31
	TEXTFUNC  shift 30
	NODETYPE  shift 32
	AXISNAME  shift 40
	LITERAL  shift 28
	NAMETEST  shift 42
	CURRENTFUNC  shift 38
	DEREFFUNC  shift 39
	'-'  shift 11
	'/'  shift 36
	'('  shift 27
	'.'  shift 43
	'@'  shift 46
	.  error

	MultiplicativeExpr  goto 90
	UnaryExpr  goto 9
	UnionExpr  goto 10
	PathExpr  goto 12
	LocationPath  goto 13
	FilterExpr  goto 14
	CompoundFilterExpr  goto 15
	RelativeLocationPath  goto 16
	DoubleSlash  goto 37
	PrimaryExpr  goto 20
	AbsoluteLocationPath  goto 17
	CurrentRelativeLocationPath  goto 18
	DerefRelativeLocationPath  goto 19
	Root  goto 23
	AbbreviatedAbsoluteLocationPath  goto 24
	CurrentFunc  goto 25
	DerefFunc  goto 26
	Step  goto 21
	AbbreviatedRelativeLocationPath  goto 22
	AxisSpecifier  goto 33
	NodeTest  goto 34
	AbbreviatedStep  goto 35
	AbbreviatedAxisSpecifier  goto 41

state 56
	AdditiveExpr:  AdditiveExpr '-'.MultiplicativeExpr 

	NUM  shift 29
	DOTDOT  shift 44
	DBLSLASH  shift 45
	FUNC  shift 31
	TEXTFUNC  shift 30
	NODETYPE  shift 32
	AXISNAME  shift 40
	LITERAL  shift 28
	NAMETEST  shift 42
	CURRENTFUNC  shift 38
	DEREFFUNC  shift 39
	'-'  shift 11
	'/'  shift 36
	'('  shift 27
	'.'  shift 43
	'@'  shift 46
	.  error

	MultiplicativeExpr  goto 91
	UnaryExpr  goto 9
	UnionExpr  goto 10
	PathExpr  goto 12
	LocationPath  goto 13
	FilterExpr  goto 14
	CompoundFilterExpr  goto 15
	RelativeLocationPath  goto 16
	DoubleSlash  goto 37
	PrimaryExpr  goto 20
	AbsoluteLocationPath  goto 17
	CurrentRelativeLocationPath  goto 18
	DerefRelativeLocationPath  goto 19
	Root  goto 23
	AbbreviatedAbsoluteLocationPath  goto 24
	CurrentFunc  goto 25
	DerefFunc  goto 26
	Step  goto 21
	AbbreviatedRelativeLocationPath  goto 22
	AxisSpecifier  goto 33
	NodeTest  goto 34
	AbbreviatedStep  goto 35
	AbbreviatedAxisSpecifier  goto 41

state 57
	MultiplicativeExpr:  MultiplicativeExpr '*'.UnaryExpr 

	NUM  shift 29
	DOTDOT  shift 44
	DBLSLASH  shift 45
	FUNC  shift 31
	TEXTFUNC  shift 30
	NODETYPE  shift 32
	AXISNAME  shift 40
	LITERAL  shift 28
	NAMETEST  shift 42
	CURRENTFUNC  shift 38
	DEREFFUNC  shift 39
	'-'  shift 11
	'/'  shift 36
	'('  shift 27
	'.'  shift 43
	'@'  shift 46
	.  error

	UnaryExpr  goto 92
	UnionExpr  goto 10
	PathExpr  goto 12
	LocationPath  goto 13
	FilterExpr  goto 14
	CompoundFilterExpr  goto 15
	RelativeLocationPath  goto 16
	DoubleSlash  goto 37
	PrimaryExpr  goto 20
	AbsoluteLocationPath  goto 17
	CurrentRelativeLocationPath  goto 18
	DerefRelativeLocationPath  goto 19
	Root  goto 23
	AbbreviatedAbsoluteLocationPath  goto 24
	CurrentFunc  goto 25
	DerefFunc  goto 26
	Step  goto 21
	AbbreviatedRelativeLocationPath  goto 22
	AxisSpecifier  goto 33
	NodeTest  goto 34
	AbbreviatedStep  goto 35
	AbbreviatedAxisSpecifier  goto 41

state 58
	MultiplicativeExpr:  MultiplicativeExpr DIV.UnaryExpr 

	NUM  shift 29
	DOTDOT  shift 44
	DBLSLASH  shift 45
	FUNC  shift 31
	TEXTFUNC  shift 30
	NODETYPE  shift 32
	AXISNAME  shift 40
	LITERAL  shift 28
	NAMETEST  shift 42
	CURRENTFUNC  shift 38
	DEREFFUNC  shift 39
	'-'  shift 11
	'/'  shift 36
	'('  shift 27
	'.'  shift 43
	'@'  shift 46
	.  error

	UnaryExpr  goto 93
	UnionExpr  goto 10
	PathExpr  goto 12
	LocationPath  goto 13
	FilterExpr  goto 14
	CompoundFilterExpr  goto 15
	RelativeLocationPath  goto 16
	DoubleSlash  goto 37
	PrimaryExpr  goto 20
	AbsoluteLocationPath  goto 17
	CurrentRelativeLocationPath  goto 18
	DerefRelativeLocationPath  goto 19
	Root  goto 23
	AbbreviatedAbsoluteLocationPath  goto 24
	CurrentFunc  goto 25
	DerefFunc  goto 26
	Step  goto 21
	AbbreviatedRelativeLocationPath  goto 22
	AxisSpecifier  goto 33
	NodeTest  goto 34
	AbbreviatedStep  goto 35
	AbbreviatedAxisSpecifier  goto 41

state 59
	MultiplicativeExpr:  MultiplicativeExpr MOD.UnaryExpr 

	NUM  shift 29
	DOTDOT  shift 44
	DBLSLASH  shift 45
	FUNC  shift 31
	TEXTFUNC  shift 30
	NODETYPE  shift 32
	AXISNAME  shift 40
	LITERAL  shift 28
	NAMETEST  shift 42
	CURRENTFUNC  shift 38
	DEREFFUNC  shift 39
	'-'  shift 11
	'/'  shift 36
	'('  shift 27
	'.'  shift 43
	'@'  shift 46
	.  error

	UnaryExpr  goto 94
	UnionExpr  goto 10
	PathExpr  goto 12
	LocationPath  goto 13
	FilterExpr  goto 14
	CompoundFilterExpr  goto 15
	RelativeLocationPath  goto 16
	DoubleSlash  goto 37
	PrimaryExpr  goto 20
	AbsoluteLocationPath  goto 17
	CurrentRelativeLocationPath  goto 18
	DerefRelativeLocationPath  goto 19
	Root  goto 23
	AbbreviatedAbsoluteLocationPath  goto 24
	CurrentFunc  goto 25
	DerefFunc  goto 26
	Step  goto 21
	AbbreviatedRelativeLocationPath  goto 22
	AxisSpecifier  goto 33
	NodeTest  goto 34
	AbbreviatedStep  goto 35
	AbbreviatedAxisSpecifier  goto 41

state 60
	UnionExpr:  UnionExpr '|'.PathExpr 

	NUM  shift 29
	DOTDOT  shift 44
	DBLSLASH  shift 45
	FUNC  shift 31
	TEXTFUNC  shift 30
	NODETYPE  shift 32
	AXISNAME  shift 40
	LITERAL  shift 28
	NAMETEST  shift 42
	CURRENTFUNC  shift 38
	DEREFFUNC  shift 39
	'/'  shift 36
	'('  shift 27
	'.'  shift 43
	'@'  shift 46
	.  error

	PathExpr  goto 95
	LocationPath  goto 13
	FilterExpr  goto 14
	CompoundFilterExpr  goto 15
	RelativeLocationPath  goto 16
	DoubleSlash  goto 37
	PrimaryExpr  goto 20
	AbsoluteLocationPath  goto 17
	CurrentRelativeLocationPath  goto 18
	DerefRelativeLocationPath  goto 19
	Root  goto 23
	AbbreviatedAbsoluteLocationPath  goto 24
	CurrentFunc  goto 25
	DerefFunc  goto 26
	Step  goto 21
	AbbreviatedRelativeLocationPath  goto 22
	AxisSpecifier  goto 33
	NodeTest  goto 34
	AbbreviatedStep  goto 35
	AbbreviatedAxisSpecifier  goto 41

state 61
	UnaryExpr:  '-' UnaryExpr.    (23)

	.  reduce 23 (src line 156)


state 62
	FilterExpr:  FilterExpr Predicate.    (32)

	.  reduce 32 (src line 200)


state 63
	Predicate:  PredicateStart.PredicateExpr PredicateEnd 

	NUM  shift 29
	DOTDOT  shift 44
	DBLSLASH  shift 45
	FUNC  shift 31
	TEXTFUNC  shift 30
	NODETYPE  shift 32
	AXISNAME  shift 40
	LITERAL  shift 28
	NAMETEST  shift 42
	CURRENTFUNC  shift 38
	DEREFFUNC  shift 39
	'-'  shift 11
	'/'  shift 36
	'('  shift 27
	'.'  shift 43
	'@'  shift 46
	.  error

	Expr  goto 97
	OrExpr  goto 3
	AndExpr  goto 4
	EqualityExpr  goto 5
	RelationalExpr  goto 6
	AdditiveExpr  goto 7
	MultiplicativeExpr  goto 8
	UnaryExpr  goto 9
	UnionExpr  goto 10
	PathExpr  goto 12
	LocationPath  goto 13
	FilterExpr  goto 14
	CompoundFilterExpr  goto 15
	RelativeLocationPath  goto 16
	DoubleSlash  goto 37
	PrimaryExpr  goto 20
	AbsoluteLocationPath  goto 17
	CurrentRelativeLocationPath  goto 18
	DerefRelativeLocationPath  goto 19
	Root  goto 23
	AbbreviatedAbsoluteLocationPath  goto 24
	CurrentFunc  goto 25
	DerefFunc  goto 26
	Step  goto 21
	AbbreviatedRelativeLocationPath  goto 22
	AxisSpecifier  goto 33
	NodeTest  goto 34
	AbbreviatedStep  goto 35
	AbbreviatedAxisSpecifier  goto 41
	PredicateExpr  goto 96

state 64
	PredicateStart:  '['.    (73)

	.  reduce 73 (src line 331)


state 65
	PathExpr:  CompoundFilterExpr '/'.RelativeLocationPath 

	DOTDOT  shift 44
	AXISNAME  shift 40
	NAMETEST  shift 42
	'.'  shift 43
	'@'  shift 46
	.  error

	RelativeLocationPath  goto 98
	Step  goto 21
	AbbreviatedRelativeLocationPath  goto 22
	AxisSpecifier  goto 33
	NodeTest  goto 34
	AbbreviatedStep  goto 35
	AbbreviatedAxisSpecifier  goto 41

state 66
	PathExpr:  CompoundFilterExpr DoubleSlash.RelativeLocationPath 

	DOTDOT  shift 44
	AXISNAME  shift 40
	NAMETEST  shift 42
	'.'  shift 43
	'@'  shift 46
	.  error

	RelativeLocationPath  goto 99
	Step  goto 21
	AbbreviatedRelativeLocationPath  goto 22
	AxisSpecifier  goto 33
	NodeTest  goto 34
	AbbreviatedStep  goto 35
	AbbreviatedAxisSpecifier  goto 41

state 67
	RelativeLocationPath:  RelativeLocationPath '/'.Step 

	DOTDOT  shift 44
	AXISNAME  shift 40
	NAMETEST  shift 42
	'.'  shift 43
	'@'  shift 46
	.  error

	Step  goto 100
	AxisSpecifier  goto 33
	NodeTest  goto 34
	AbbreviatedStep  goto 35
	AbbreviatedAxisSpecifier  goto 41

state 68
	AbbreviatedRelativeLocationPath:  RelativeLocationPath DoubleSlash.Step 

	DOTDOT  shift 44
	AXISNAME  shift 40
	NAMETEST  shift 42
	'.'  shift 43
	'@'  shift 46
	.  error

	Step  goto 101
	AxisSpecifier  goto 33
	NodeTest  goto 34
	AbbreviatedStep  goto 35
	AbbreviatedAxisSpecifier  goto 41

state 69
	AbsoluteLocationPath:  Root RelativeLocationPath.    (48)
	RelativeLocationPath:  RelativeLocationPath.'/' Step 
	AbbreviatedRelativeLocationPath:  RelativeLocationPath.DoubleSlash Step 

	DBLSLASH  shift 45
	'/'  shift 67
	.  reduce 48 (src line 246)

	DoubleSlash  goto 68

state 70
	CurrentRelativeLocationPath:  CurrentFunc '/'.RelativeLocationPath 

	DOTDOT  shift 44
	AXISNAME  shift 40
	NAMETEST  shift 42
	'.'  shift 43
	'@'  shift 46
	.  error

	RelativeLocationPath  goto 102
	Step  goto 21
	AbbreviatedRelativeLocationPath  goto 22
	AxisSpecifier  goto 33
	NodeTest  goto 34
	AbbreviatedStep  goto 35
	AbbreviatedAxisSpecifier  goto 41

state 71
	DerefRelativeLocationPath:  DerefFunc '/'.RelativeLocationPath 

	DOTDOT  shift 44
	AXISNAME  shift 40
	NAMETEST  shift 42
	'.'  shift 43
	'@'  shift 46
	.  error

	RelativeLocationPath  goto 103
	Step  goto 21
	AbbreviatedRelativeLocationPath  goto 22
	AxisSpecifier  goto 33
	NodeTest  goto 34
	AbbreviatedStep  goto 35
	AbbreviatedAxisSpecifier  goto 41

state 72
	PrimaryExpr:  '(' Expr.')' 

	')'  shift 104
	.  error


state 73
	PrimaryExpr:  '(' ')'.    (34)

	.  reduce 34 (src line 204)


state 74
	PrimaryExpr:  TEXTFUNC '('.')' 

	')'  shift 105
	.  error


state 75
	PrimaryExpr:  FUNC '('.')' 
	PrimaryExpr:  FUNC '('.Expr ')' 
	PrimaryExpr:  FUNC '('.Expr ',' Expr ')' 
	PrimaryExpr:  FUNC '('.Expr ',' Expr ',' Expr ')' 

	NUM  shift 29
	DOTDOT  shift 44
	DBLSLASH  shift 45
	FUNC  shift 31
	TEXTFUNC  shift 30
	NODETYPE  shift 32
	AXISNAME  shift 40
	LITERAL  shift 28
	NAMETEST  shift 42
	CURRENTFUNC  shift 38
	DEREFFUNC  shift 39
	'-'  shift 11
	'/'  shift 36
	'('  shift 27
	')'  shift 106
	'.'  shift 43
	'@'  shift 46
	.  error

	Expr  goto 107
	OrExpr  goto 3
	AndExpr  goto 4
	EqualityExpr  goto 5
	RelationalExpr  goto 6
	AdditiveExpr  goto 7
	MultiplicativeExpr  goto 8
	UnaryExpr  goto 9
	UnionExpr  goto 10
	PathExpr  goto 12
	LocationPath  goto 13
	FilterExpr  goto 14
	CompoundFilterExpr  goto 15
	RelativeLocationPath  goto 16
	DoubleSlash  goto 37
	PrimaryExpr  goto 20
	AbsoluteLocationPath  goto 17
	CurrentRelativeLocationPath  goto 18
	DerefRelativeLocationPath  goto 19
	Root  goto 23
	AbbreviatedAbsoluteLocationPath  goto 24
	CurrentFunc  goto 25
	DerefFunc  goto 26
	Step  goto 21
	AbbreviatedRelativeLocationPath  goto 22
	AxisSpecifier  goto 33
	NodeTest  goto 34
	AbbreviatedStep  goto 35
	AbbreviatedAxisSpecifier  goto 41

state 76
	Step:  AxisSpecifier NodeTest.PredicatesStart PredicateSet PredicatesEnd 
	Step:  AxisSpecifier NodeTest.    (61)
	PredicatesStart: .    (70)

	'['  reduce 70 (src line 319)
	.  reduce 61 (src line 298)

	PredicatesStart  goto 108

state 77
	Step:  NodeTest PredicatesStart.PredicateSet PredicatesEnd 

	'['  shift 64
	.  error

	Predicate  goto 110
	PredicateSet  goto 109
	PredicateStart  goto 63

state 78
	RelativeLocationPath:  RelativeLocationPath.'/' Step 
	AbbreviatedAbsoluteLocationPath:  DoubleSlash RelativeLocationPath.    (76)
	AbbreviatedRelativeLocationPath:  RelativeLocationPath.DoubleSlash Step 

	DBLSLASH  shift 45
	'/'  shift 67
	.  reduce 76 (src line 344)

	DoubleSlash  goto 68

state 79
	CurrentFunc:  CURRENTFUNC '('.')' 

	')'  shift 111
	.  error


state 80
	DerefFunc:  DEREFFUNC '('.LocationPath ')' 

	DOTDOT  shift 44
	DBLSLASH  shift 45
	AXISNAME  shift 40
	NAMETEST  shift 42
	CURRENTFUNC  shift 38
	DEREFFUNC  shift 39
	'/'  shift 36
	'.'  shift 43
	'@'  shift 46
	.  error

	LocationPath  goto 112
	RelativeLocationPath  goto 16
	DoubleSlash  goto 37
	AbsoluteLocationPath  goto 17
	CurrentRelativeLocationPath  goto 18
	DerefRelativeLocationPath  goto 19
	Root  goto 23
	AbbreviatedAbsoluteLocationPath  goto 24
	CurrentFunc  goto 25
	DerefFunc  goto 26
	Step  goto 21
	AbbreviatedRelativeLocationPath  goto 22
	AxisSpecifier  goto 33
	NodeTest  goto 34
	AbbreviatedStep  goto 35
	AbbreviatedAxisSpecifier  goto 41

state 81
	AxisSpecifier:  AXISNAME DBLCOLON.    (65)

	.  reduce 65 (src line 303)


state 82
	OrExpr:  OrExpr OR AndExpr.    (4)
	AndExpr:  AndExpr.AND EqualityExpr 

	AND  shift 48
	.  reduce 4 (src line 73)


state 83
	AndExpr:  AndExpr AND EqualityExpr.    (6)
	EqualityExpr:  EqualityExpr.EQ RelationalExpr 
	EqualityExpr:  EqualityExpr.NE RelationalExpr 

	NE  shift 50
	EQ  shift 49
	.  reduce 6 (src line 81)


state 84
	EqualityExpr:  EqualityExpr EQ RelationalExpr.    (8)
	RelationalExpr:  RelationalExpr.LT AdditiveExpr 
	RelationalExpr:  RelationalExpr.GT AdditiveExpr 
	RelationalExpr:  RelationalExpr.LE AdditiveExpr 
	RelationalExpr:  RelationalExpr.GE AdditiveExpr 

	GT  shift 52
	GE  shift 54
	LT  shift 51
	LE  shift 53
	.  reduce 8 (src line 89)


state 85
	EqualityExpr:  EqualityExpr NE RelationalExpr.    (9)
	RelationalExpr:  RelationalExpr.LT AdditiveExpr 
	RelationalExpr:  RelationalExpr.GT AdditiveExpr 
	RelationalExpr:  RelationalExpr.LE AdditiveExpr 
	RelationalExpr:  RelationalExpr.GE AdditiveExpr 

	GT  shift 52
	GE  shift 54
	LT  shift 51
	LE  shift 53
	.  reduce 9 (src line 94)


state 86
	RelationalExpr:  RelationalExpr LT AdditiveExpr.    (11)
	AdditiveExpr:  AdditiveExpr.'+' MultiplicativeExpr 
	AdditiveExpr:  AdditiveExpr.'-' MultiplicativeExpr 

	'+'  shift 55
	'-'  shift 56
	.  reduce 11 (src line 102)


state 87
	RelationalExpr:  RelationalExpr GT AdditiveExpr.    (12)
	AdditiveExpr:  AdditiveExpr.'+' MultiplicativeExpr 
	AdditiveExpr:  AdditiveExpr.'-' MultiplicativeExpr 

	'+'  shift 55
	'-'  shift 56
	.  reduce 12 (src line 107)


state 88
	RelationalExpr:  RelationalExpr LE AdditiveExpr.    (13)
	AdditiveExpr:  AdditiveExpr.'+' MultiplicativeExpr 
	AdditiveExpr:  AdditiveExpr.'-' MultiplicativeExpr 

	'+'  shift 55
	'-'  shift 56
	.  reduce 13 (src line 112)


state 89
	RelationalExpr:  RelationalExpr GE AdditiveExpr.    (14)
	AdditiveExpr:  AdditiveExpr.'+' MultiplicativeExpr 
	AdditiveExpr:  AdditiveExpr.'-' MultiplicativeExpr 

	'+'  shift 55
	'-'  shift 56
	.  reduce 14 (src line 117)


state 90
	AdditiveExpr:  AdditiveExpr '+' MultiplicativeExpr.    (16)
	MultiplicativeExpr:  MultiplicativeExpr.'*' UnaryExpr 
	MultiplicativeExpr:  MultiplicativeExpr.DIV UnaryExpr 
	MultiplicativeExpr:  MultiplicativeExpr.MOD UnaryExpr 

	'*'  shift 57
	DIV  shift 58
	MOD  shift 59
	.  reduce 16 (src line 125)


state 91
	AdditiveExpr:  AdditiveExpr '-' MultiplicativeExpr.    (17)
	MultiplicativeExpr:  MultiplicativeExpr.'*' UnaryExpr 
	MultiplicativeExpr:  MultiplicativeExpr.DIV UnaryExpr 
	MultiplicativeExpr:  MultiplicativeExpr.MOD UnaryExpr 

	'*'  shift 57
	DIV  shift 58
	MOD  shift 59
	.  reduce 17 (src line 130)


state 92
	MultiplicativeExpr:  MultiplicativeExpr '*' UnaryExpr.    (19)

	.  reduce 19 (src line 138)


state 93
	MultiplicativeExpr:  MultiplicativeExpr DIV UnaryExpr.    (20)

	.  reduce 20 (src line 143)


state 94
	MultiplicativeExpr:  MultiplicativeExpr MOD UnaryExpr.    (21)

	.  reduce 21 (src line 148)


state 95
	UnionExpr:  UnionExpr '|' PathExpr.    (25)

	.  reduce 25 (src line 164)


state 96
	Predicate:  PredicateStart PredicateExpr.PredicateEnd 

	']'  shift 114
	.  error

	PredicateEnd  goto 113

state 97
	PredicateExpr:  Expr.    (74)

	.  reduce 74 (src line 336)


state 98
	PathExpr:  CompoundFilterExpr '/' RelativeLocationPath.    (28)
	RelativeLocationPath:  RelativeLocationPath.'/' Step 
	AbbreviatedRelativeLocationPath:  RelativeLocationPath.DoubleSlash Step 

	DBLSLASH  shift 45
	'/'  shift 67
	.  reduce 28 (src line 177)

	DoubleSlash  goto 68

state 99
	PathExpr:  CompoundFilterExpr DoubleSlash RelativeLocationPath.    (29)
	RelativeLocationPath:  RelativeLocationPath.'/' Step 
	AbbreviatedRelativeLocationPath:  RelativeLocationPath.DoubleSlash Step 

	DBLSLASH  shift 45
	'/'  shift 67
	.  reduce 29 (src line 182)

	DoubleSlash  goto 68

state 100
	RelativeLocationPath:  RelativeLocationPath '/' Step.    (58)

	.  reduce 58 (src line 286)


state 101
	AbbreviatedRelativeLocationPath:  RelativeLocationPath DoubleSlash Step.    (77)

	.  reduce 77 (src line 347)


state 102
	CurrentRelativeLocationPath:  CurrentFunc '/' RelativeLocationPath.    (51)
	RelativeLocationPath:  RelativeLocationPath.'/' Step 
	AbbreviatedRelativeLocationPath:  RelativeLocationPath.DoubleSlash Step 

	DBLSLASH  shift 45
	'/'  shift 67
	.  reduce 51 (src line 251)

	DoubleSlash  goto 68

state 103
	DerefRelativeLocationPath:  DerefFunc '/' RelativeLocationPath.    (54)
	RelativeLocationPath:  RelativeLocationPath.'/' Step 
	AbbreviatedRelativeLocationPath:  RelativeLocationPath.DoubleSlash Step 

	DBLSLASH  shift 45
	'/'  shift 67
	.  reduce 54 (src line 262)

	DoubleSlash  goto 68

state 104
	PrimaryExpr:  '(' Expr ')'.    (33)

	.  reduce 33 (src line 202)


state 105
	PrimaryExpr:  TEXTFUNC '(' ')'.    (37)

	.  reduce 37 (src line 213)


state 106
	PrimaryExpr:  FUNC '(' ')'.    (38)

	.  reduce 38 (src line 217)


state 107
	PrimaryExpr:  FUNC '(' Expr.')' 
	PrimaryExpr:  FUNC '(' Expr.',' Expr ')' 
	PrimaryExpr:  FUNC '(' Expr.',' Expr ',' Expr ')' 

	')'  shift 115
	','  shift 116
	.  error


state 108
	Step:  AxisSpecifier NodeTest PredicatesStart.PredicateSet PredicatesEnd 

	'['  shift 64
	.  error

	Predicate  goto 110
	PredicateSet  goto 117
	PredicateStart  goto 63

state 109
	Step:  NodeTest PredicatesStart PredicateSet.PredicatesEnd 
	PredicateSet:  PredicateSet.Predicate 
	PredicatesEnd: .    (71)

	'['  shift 64
	.  reduce 71 (src line 324)

	Predicate  goto 119
	PredicatesEnd  goto 118
	PredicateStart  goto 63

state 110
	PredicateSet:  Predicate.    (68)

	.  reduce 68 (src line 315)


state 111
	CurrentFunc:  CURRENTFUNC '(' ')'.    (52)

	.  reduce 52 (src line 253)


state 112
	DerefFunc:  DEREFFUNC '(' LocationPath.')' 

	')'  shift 120
	.  error


state 113
	Predicate:  PredicateStart PredicateExpr PredicateEnd.    (72)

	.  reduce 72 (src line 328)


state 114
	PredicateEnd:  ']'.    (75)

	.  reduce 75 (src line 339)


state 115
	PrimaryExpr:  FUNC '(' Expr ')'.    (39)

	.  reduce 39 (src line 221)


state 116
	PrimaryExpr:  FUNC '(' Expr ','.Expr ')' 
	PrimaryExpr:  FUNC '(' Expr ','.Expr ',' Expr ')' 

	NUM  shift 29
	DOTDOT  shift 44
	DBLSLASH  shift 45
	FUNC  shift 31
	TEXTFUNC  shift 30
	NODETYPE  shift 32
	AXISNAME  shift 40
	LITERAL  shift 28
	NAMETEST  shift 42
	CURRENTFUNC  shift 38
	DEREFFUNC  shift 39
	'-'  shift 11
	'/'  shift 36
	'('  shift 27
	'.'  shift 43
	'@'  shift 46
	.  error

	Expr  goto 121
	OrExpr  goto 3
	AndExpr  goto 4
	EqualityExpr  goto 5
	RelationalExpr  goto 6
	AdditiveExpr  goto 7
	MultiplicativeExpr  goto 8
	UnaryExpr  goto 9
	UnionExpr  goto 10
	PathExpr  goto 12
	LocationPath  goto 13
	FilterExpr  goto 14
	CompoundFilterExpr  goto 15
	RelativeLocationPath  goto 16
	DoubleSlash  goto 37
	PrimaryExpr  goto 20
	AbsoluteLocationPath  goto 17
	CurrentRelativeLocationPath  goto 18
	DerefRelativeLocationPath  goto 19
	Root  goto 23
	AbbreviatedAbsoluteLocationPath  goto 24
	CurrentFunc  goto 25
	DerefFunc  goto 26
	Step  goto 21
	AbbreviatedRelativeLocationPath  goto 22
	AxisSpecifier  goto 33
	NodeTest  goto 34
	AbbreviatedStep  goto 35
	AbbreviatedAxisSpecifier  goto 41

state 117
	Step:  AxisSpecifier NodeTest PredicatesStart PredicateSet.PredicatesEnd 
	PredicateSet:  PredicateSet.Predicate 
	PredicatesEnd: .    (71)

	'['  shift 64
	.  reduce 71 (src line 324)

	Predicate  goto 119
	PredicatesEnd  goto 122
	PredicateStart  goto 63

state 118
	Step:  NodeTest PredicatesStart PredicateSet PredicatesEnd.    (62)

	.  reduce 62 (src line 299)


state 119
	PredicateSet:  PredicateSet Predicate.    (69)

	.  reduce 69 (src line 317)


state 120
	DerefFunc:  DEREFFUNC '(' LocationPath ')'.    (55)

	.  reduce 55 (src line 265)


state 121
	PrimaryExpr:  FUNC '(' Expr ',' Expr.')' 
	PrimaryExpr:  FUNC '(' Expr ',' Expr.',' Expr ')' 

	')'  shift 123
	','  shift 124
	.  error


state 122
	Step:  AxisSpecifier NodeTest PredicatesStart PredicateSet PredicatesEnd.    (60)

	.  reduce 60 (src line 289)


state 123
	PrimaryExpr:  FUNC '(' Expr ',' Expr ')'.    (40)

	.  reduce 40 (src line 225)


state 124
	PrimaryExpr:  FUNC '(' Expr ',' Expr ','.Expr ')' 

	NUM  shift 29
	DOTDOT  shift 44
	DBLSLASH  shift 45
	FUNC  shift 31
	TEXTFUNC  shift 30
	NODETYPE  shift 32
	AXISNAME  shift 40
	LITERAL  shift 28
	NAMETEST  shift 42
	CURRENTFUNC  shift 38
	DEREFFUNC  shift 39
	'-'  shift 11
	'/'  shift 36
	'('  shift 27
	'.'  shift 43
	'@'  shift 46
	.  error

	Expr  goto 125
	OrExpr  goto 3
	AndExpr  goto 4
	EqualityExpr  goto 5
	RelationalExpr  goto 6
	AdditiveExpr  goto 7
	MultiplicativeExpr  goto 8
	UnaryExpr  goto 9
	UnionExpr  goto 10
	PathExpr  goto 12
	LocationPath  goto 13
	FilterExpr  goto 14
	CompoundFilterExpr  goto 15
	RelativeLocationPath  goto 16
	DoubleSlash  goto 37
	PrimaryExpr  goto 20
	AbsoluteLocationPath  goto 17
	CurrentRelativeLocationPath  goto 18
	DerefRelativeLocationPath  goto 19
	Root  goto 23
	AbbreviatedAbsoluteLocationPath  goto 24
	CurrentFunc  goto 25
	DerefFunc  goto 26
	Step  goto 21
	AbbreviatedRelativeLocationPath  goto 22
	AxisSpecifier  goto 33
	NodeTest  goto 34
	AbbreviatedStep  goto 35
	AbbreviatedAxisSpecifier  goto 41

state 125
	PrimaryExpr:  FUNC '(' Expr ',' Expr ',' Expr.')' 

	')'  shift 126
	.  error


state 126
	PrimaryExpr:  FUNC '(' Expr ',' Expr ',' Expr ')'.    (41)

	.  reduce 41 (src line 229)


39 terminals, 38 nonterminals
82 grammar rules, 127/16000 states
0 shift/reduce, 0 reduce/reduce conflicts reported
87 working sets used
memory: parser 725/240000
117 extra closures
464 shift entries, 5 exceptions
81 goto entries
542 entries saved by goto default
Optimizer space used: output 265/240000
265 table entries, 68 zero
maximum spread: 39, maximum offset: 124
